2023-05-30 18:38:16.029 [info] Log level: Info
2023-05-30 18:38:16.029 [info] Validating found git in: "git"
2023-05-30 18:38:16.029 [info] Using git "2.34.1" from "git"
2023-05-30 18:38:16.029 [info] > git rev-parse --show-toplevel [20ms]
2023-05-30 18:38:16.029 [info] > git rev-parse --git-dir --git-common-dir [128ms]
2023-05-30 18:38:16.029 [info] Open repository: /home/santiago
2023-05-30 18:38:16.029 [info] > git rev-parse --show-toplevel [52ms]
2023-05-30 18:38:16.029 [info] > git rev-parse --show-toplevel [19ms]
2023-05-30 18:38:16.029 [info] > git config --get commit.template [36ms]
2023-05-30 18:38:16.029 [info] > git rev-parse --show-toplevel [18ms]
2023-05-30 18:38:16.029 [info] > git for-each-ref --format=%(refname)%00%(upstream:short)%00%(objectname)%00%(upstream:track)%00%(upstream:remotename)%00%(upstream:remoteref) refs/heads/master refs/remotes/master [16ms]
2023-05-30 18:38:16.029 [info] > git rev-parse --show-toplevel [21ms]
2023-05-30 18:38:16.029 [info] > git rev-parse --show-toplevel [12ms]
2023-05-30 18:38:16.037 [info] > git rev-parse --show-toplevel [12ms]
2023-05-30 18:38:16.059 [info] > git rev-parse --show-toplevel [2ms]
2023-05-30 18:38:16.095 [info] > git rev-parse --show-toplevel [12ms]
2023-05-30 18:38:16.117 [info] > git rev-parse --show-toplevel [10ms]
2023-05-30 18:38:16.137 [info] > git rev-parse --show-toplevel [13ms]
2023-05-30 18:38:16.159 [info] > git rev-parse --show-toplevel [9ms]
2023-05-30 18:38:16.188 [info] > git rev-parse --show-toplevel [8ms]
2023-05-30 18:38:16.208 [info] > git rev-parse --show-toplevel [5ms]
2023-05-30 18:38:16.223 [info] > git status -z -uall [232ms]
2023-05-30 18:38:16.264 [info] > git rev-parse --show-toplevel [43ms]
2023-05-30 18:38:16.296 [info] > git config --get commit.template [32ms]
2023-05-30 18:38:16.306 [info] > git rev-parse --show-toplevel [17ms]
2023-05-30 18:38:16.417 [info] > git for-each-ref --format=%(refname)%00%(upstream:short)%00%(objectname)%00%(upstream:track)%00%(upstream:remotename)%00%(upstream:remoteref) refs/heads/master refs/remotes/master [91ms]
2023-05-30 18:38:16.448 [info] > git rev-parse --show-toplevel [132ms]
2023-05-30 18:38:16.544 [info] > git rev-parse --show-toplevel [25ms]
2023-05-30 18:38:16.558 [info] > git check-ignore -v -z --stdin [16ms]
2023-05-30 18:38:16.573 [info] > git rev-parse --show-toplevel [17ms]
2023-05-30 18:38:16.603 [info] > git status -z -uall [156ms]
2023-05-30 18:38:16.619 [info] > git rev-parse --show-toplevel [17ms]
2023-05-30 18:38:17.321 [info] > git show --textconv :web.html [21ms]
2023-05-30 18:38:17.337 [info] > git ls-files --stage -- /home/santiago/web.html [17ms]
2023-05-30 18:38:17.352 [info] > git cat-file -s cf1b1870bd50c3bf36478a01e5c1cfe61569f34c [5ms]
2023-05-30 18:38:20.559 [info] > git config --get commit.template [8ms]
2023-05-30 18:38:20.561 [info] > git for-each-ref --format=%(refname)%00%(upstream:short)%00%(objectname)%00%(upstream:track)%00%(upstream:remotename)%00%(upstream:remoteref) refs/heads/master refs/remotes/master [3ms]
2023-05-30 18:38:20.629 [info] > git status -z -uall [60ms]
2023-05-30 18:38:25.667 [info] > git config --get commit.template [9ms]
2023-05-30 18:38:25.670 [info] > git for-each-ref --format=%(refname)%00%(upstream:short)%00%(objectname)%00%(upstream:track)%00%(upstream:remotename)%00%(upstream:remoteref) refs/heads/master refs/remotes/master [3ms]
2023-05-30 18:38:25.747 [info] > git status -z -uall [70ms]
2023-05-30 18:38:30.778 [info] > git config --get commit.template [9ms]
2023-05-30 18:38:30.781 [info] > git for-each-ref --format=%(refname)%00%(upstream:short)%00%(objectname)%00%(upstream:track)%00%(upstream:remotename)%00%(upstream:remoteref) refs/heads/master refs/remotes/master [5ms]
2023-05-30 18:38:30.860 [info] > git status -z -uall [71ms]
2023-05-30 18:38:35.902 [info] > git config --get commit.template [11ms]
2023-05-30 18:38:35.904 [info] > git for-each-ref --format=%(refname)%00%(upstream:short)%00%(objectname)%00%(upstream:track)%00%(upstream:remotename)%00%(upstream:remoteref) refs/heads/master refs/remotes/master [3ms]
2023-05-30 18:38:35.969 [info] > git status -z -uall [59ms]
2023-05-30 18:38:41.147 [info] > git config --get commit.template [11ms]
2023-05-30 18:38:41.149 [info] > git for-each-ref --format=%(refname)%00%(upstream:short)%00%(objectname)%00%(upstream:track)%00%(upstream:remotename)%00%(upstream:remoteref) refs/heads/master refs/remotes/master [3ms]
2023-05-30 18:38:41.217 [info] > git status -z -uall [61ms]
2023-05-30 18:38:46.250 [info] > git config --get commit.template [8ms]
2023-05-30 18:38:46.254 [info] > git for-each-ref --format=%(refname)%00%(upstream:short)%00%(objectname)%00%(upstream:track)%00%(upstream:remotename)%00%(upstream:remoteref) refs/heads/master refs/remotes/master [4ms]
2023-05-30 18:38:46.326 [info] > git status -z -uall [64ms]
2023-05-30 18:39:02.254 [info] > git config --get commit.template [8ms]
2023-05-30 18:39:02.259 [info] > git for-each-ref --format=%(refname)%00%(upstream:short)%00%(objectname)%00%(upstream:track)%00%(upstream:remotename)%00%(upstream:remoteref) refs/heads/master refs/remotes/master [6ms]
2023-05-30 18:39:02.358 [info] > git status -z -uall [90ms]
